2021-09-20 09:02:41.436  INFO 8064 --- [main] lavalink.server.Launcher                 : 

[32m       .  [31m _                  _ _       _    [32m__ _ _
[32m      /\\ [31m| | __ ___   ____ _| (_)_ __ | | __[32m\ \ \ \
[32m     ( ( )[31m| |/ _` \ \ / / _` | | | '_ \| |/ /[32m \ \ \ \
[32m      \\/ [31m| | (_| |\ V / (_| | | | | | |   < [32m  ) ) ) )
[32m       '  [31m|_|\__,_| \_/ \__,_|_|_|_| |_|_|\_\[32m / / / /
[0m    =========================================[32m/_/_/_/[0m

	Version:        44fcfdf945fc6cd9ce6c96480d3b7dc098897a51-SNAPSHOT
	Build:          Unofficial
	Build time:     01.04.2021 09:53:06 UTC
	Branch          dev
	Commit:         44fcfdf
	Commit time:    01.04.2021 08:19:05 UTC
	JVM:            16.0.1
	Lavaplayer      1.3.74

2021-09-20 09:02:41.682  INFO 8064 --- [main] lavalink.server.Launcher                 : Starting Launcher on 21AK22-COM with PID 8064 (C:\Users\Administrator\AppData\Local\Discord\Rythm-Bot--main\Lavalink.jar started by Administrator in C:\Users\Administrator\AppData\Local\Discord\Rythm-Bot--main)
2021-09-20 09:02:41.684  INFO 8064 --- [main] lavalink.server.Launcher                 : No active profile set, falling back to default profiles: default
2021-09-20 09:02:41.968  WARN 8064 --- [background-preinit] o.s.h.c.j.Jackson2ObjectMapperBuilder    : For Jackson Kotlin classes support please add "com.fasterxml.jackson.module:jackson-module-kotlin" to the classpath
2021-09-20 09:02:45.232  WARN 8064 --- [main] io.undertow.websockets.jsr               : UT026010: Buffer pool was not set on WebSocketDeploymentInfo, the default pool will be used
2021-09-20 09:02:45.281  INFO 8064 --- [main] io.undertow.servlet                      : Initializing Spring embedded WebApplicationContext
2021-09-20 09:02:45.282  INFO 8064 --- [main] o.s.web.context.ContextLoader            : Root WebApplicationContext: initialization completed in 3456 ms
2021-09-20 09:02:46.065  WARN 8064 --- [main] l.server.config.SentryConfiguration      : Turning off sentry
2021-09-20 09:02:46.753  INFO 8064 --- [main] c.s.d.l.tools.GarbageCollectionMonitor   : GC monitoring enabled, reporting results every 2 minutes.
2021-09-20 09:02:47.209  INFO 8064 --- [main] lavalink.server.config.KoeConfiguration  : OS: Windows 10, Arch: amd64
2021-09-20 09:02:47.210  WARN 8064 --- [main] lavalink.server.config.KoeConfiguration  : This system and architecture appears to not support native audio sending! GC pauses may cause your bot to stutter during playback.
2021-09-20 09:02:47.896  INFO 8064 --- [main] o.s.s.concurrent.ThreadPoolTaskExecutor  : Initializing ExecutorService 'applicationTaskExecutor'
2021-09-20 09:02:48.859  INFO 8064 --- [main] org.xnio                                 : XNIO version 3.3.8.Final
2021-09-20 09:02:48.898  INFO 8064 --- [main] org.xnio.nio                             : XNIO NIO Implementation Version 3.3.8.Final
2021-09-20 09:02:49.069  INFO 8064 --- [main] o.s.b.w.e.u.UndertowServletWebServer     : Undertow started on port(s) 2333 (http) with context path ''
2021-09-20 09:02:49.081  INFO 8064 --- [main] lavalink.server.Launcher                 : Started Launcher in 8.951 seconds (JVM running for 10.141)
2021-09-20 09:02:49.085  INFO 8064 --- [main] lavalink.server.Launcher                 : You can safely ignore the big red warning about illegal reflection. See https://github.com/Frederikam/Lavalink/issues/295
2021-09-20 09:03:17.470  INFO 8064 --- [XNIO-1 task-1] io.undertow.servlet                      : Initializing Spring DispatcherServlet 'dispatcherServlet'
2021-09-20 09:03:17.471  INFO 8064 --- [XNIO-1 task-1] o.s.web.servlet.DispatcherServlet        : Initializing Servlet 'dispatcherServlet'
2021-09-20 09:03:17.481  INFO 8064 --- [XNIO-1 task-1] o.s.web.servlet.DispatcherServlet        : Completed initialization in 9 ms
2021-09-20 09:03:17.511  INFO 8064 --- [XNIO-1 task-1] l.server.io.HandshakeInterceptorImpl     : Incoming connection from /127.0.0.1:1035
2021-09-20 09:03:17.616  INFO 8064 --- [XNIO-1 task-1] lavalink.server.io.SocketServer          : Connection successfully established from erela.js
2021-09-20 09:54:20.683  INFO 9416 --- [main] lavalink.server.Launcher                 : 

[32m       .  [31m _                  _ _       _    [32m__ _ _
[32m      /\\ [31m| | __ ___   ____ _| (_)_ __ | | __[32m\ \ \ \
[32m     ( ( )[31m| |/ _` \ \ / / _` | | | '_ \| |/ /[32m \ \ \ \
[32m      \\/ [31m| | (_| |\ V / (_| | | | | | |   < [32m  ) ) ) )
[32m       '  [31m|_|\__,_| \_/ \__,_|_|_|_| |_|_|\_\[32m / / / /
[0m    =========================================[32m/_/_/_/[0m

	Version:        44fcfdf945fc6cd9ce6c96480d3b7dc098897a51-SNAPSHOT
	Build:          Unofficial
	Build time:     01.04.2021 09:53:06 UTC
	Branch          dev
	Commit:         44fcfdf
	Commit time:    01.04.2021 08:19:05 UTC
	JVM:            16.0.1
	Lavaplayer      1.3.74

2021-09-20 09:54:20.860  INFO 9416 --- [main] lavalink.server.Launcher                 : Starting Launcher on 21AK22-COM with PID 9416 (C:\Users\Administrator\AppData\Local\Discord\Rythm-Bot--main\Lavalink.jar started by Administrator in C:\Users\Administrator\AppData\Local\Discord\Rythm-Bot--main)
2021-09-20 09:54:20.861  INFO 9416 --- [main] lavalink.server.Launcher                 : No active profile set, falling back to default profiles: default
2021-09-20 09:54:21.074  WARN 9416 --- [background-preinit] o.s.h.c.j.Jackson2ObjectMapperBuilder    : For Jackson Kotlin classes support please add "com.fasterxml.jackson.module:jackson-module-kotlin" to the classpath
2021-09-20 09:54:23.933  WARN 9416 --- [main] io.undertow.websockets.jsr               : UT026010: Buffer pool was not set on WebSocketDeploymentInfo, the default pool will be used
2021-09-20 09:54:23.981  INFO 9416 --- [main] io.undertow.servlet                      : Initializing Spring embedded WebApplicationContext
2021-09-20 09:54:23.981  INFO 9416 --- [main] o.s.web.context.ContextLoader            : Root WebApplicationContext: initialization completed in 2992 ms
2021-09-20 09:54:24.854  WARN 9416 --- [main] l.server.config.SentryConfiguration      : Turning off sentry
2021-09-20 09:54:25.505  INFO 9416 --- [main] c.s.d.l.tools.GarbageCollectionMonitor   : GC monitoring enabled, reporting results every 2 minutes.
2021-09-20 09:54:25.994  INFO 9416 --- [main] lavalink.server.config.KoeConfiguration  : OS: Windows 10, Arch: amd64
2021-09-20 09:54:26.008  WARN 9416 --- [main] lavalink.server.config.KoeConfiguration  : This system and architecture appears to not support native audio sending! GC pauses may cause your bot to stutter during playback.
2021-09-20 09:54:26.593  INFO 9416 --- [main] o.s.s.concurrent.ThreadPoolTaskExecutor  : Initializing ExecutorService 'applicationTaskExecutor'
2021-09-20 09:54:27.397  INFO 9416 --- [main] org.xnio                                 : XNIO version 3.3.8.Final
2021-09-20 09:54:27.439  INFO 9416 --- [main] org.xnio.nio                             : XNIO NIO Implementation Version 3.3.8.Final
2021-09-20 09:54:27.581  INFO 9416 --- [main] o.s.b.w.e.u.UndertowServletWebServer     : Undertow started on port(s) 2333 (http) with context path ''
2021-09-20 09:54:27.594  INFO 9416 --- [main] lavalink.server.Launcher                 : Started Launcher in 8.029 seconds (JVM running for 8.877)
2021-09-20 09:54:27.604  INFO 9416 --- [main] lavalink.server.Launcher                 : You can safely ignore the big red warning about illegal reflection. See https://github.com/Frederikam/Lavalink/issues/295
2021-09-20 09:54:57.415  INFO 9416 --- [XNIO-1 task-1] io.undertow.servlet                      : Initializing Spring DispatcherServlet 'dispatcherServlet'
2021-09-20 09:54:57.415  INFO 9416 --- [XNIO-1 task-1] o.s.web.servlet.DispatcherServlet        : Initializing Servlet 'dispatcherServlet'
2021-09-20 09:54:57.427  INFO 9416 --- [XNIO-1 task-1] o.s.web.servlet.DispatcherServlet        : Completed initialization in 10 ms
2021-09-20 09:54:57.461  INFO 9416 --- [XNIO-1 task-1] l.server.io.HandshakeInterceptorImpl     : Incoming connection from /127.0.0.1:21681
2021-09-20 09:54:57.580  INFO 9416 --- [XNIO-1 task-1] lavalink.server.io.SocketServer          : Connection successfully established from erela.js
2021-09-20 09:57:18.000  INFO 9416 --- [XNIO-1 task-2] l.server.player.AudioLoaderRestHandler   : Got request to load for identifier "ytsearch:gam màu ð?c l?p"
2021-09-20 09:57:19.390  INFO 9416 --- [lava-daemon-pool-info-loader-2-thread-1] lavalink.server.player.AudioLoader       : Loaded playlist Search results for: gam màu ð?c l?p
2021-09-20 09:57:19.469  INFO 9416 --- [XNIO-1 I/O-1] lavalink.server.io.SocketServer          : {"op":"volume","guildId":"842076443235581982","volume":50}
2021-09-20 09:57:19.477  INFO 9416 --- [XNIO-1 I/O-1] lavalink.server.io.SocketServer          : {"op":"volume","guildId":"842076443235581982","volume":100}
2021-09-20 09:57:19.479  INFO 9416 --- [XNIO-1 I/O-1] lavalink.server.io.SocketServer          : {"op":"play","guildId":"842076443235581982","track":"QAAAhgIAIkdhbSBNw6B1IMSQ4buZYyBM4bqtcCAtIERhdCBNYW5pYWMACkdGYW1pbHkwODMAAAAAAAQmgAALUXpsR0JzbHFMaVEAAQAraHR0cHM6Ly93d3cueW91dHViZS5jb20vd2F0Y2g/dj1RemxHQnNscUxpUQAHeW91dHViZQAAAAAAAAAA"}
2021-09-20 09:57:20.735  INFO 9416 --- [XNIO-1 I/O-1] lavalink.server.io.SocketServer          : {"sessionId":"33003e4f3af82a54aa3f1eb06690b885","op":"voiceUpdate","guildId":"842076443235581982","event":{"token":"b71116356ab88366","guild_id":"842076443235581982","endpoint":"hongkong3023.discord.media:443"}}
2021-09-20 09:57:48.806  INFO 9416 --- [XNIO-1 I/O-1] lavalink.server.io.SocketServer          : {"op":"pause","guildId":"842076443235581982","pause":true}
2021-09-20 09:57:48.810  INFO 9416 --- [XNIO-1 I/O-1] lavalink.server.io.SocketServer          : {"op":"destroy","guildId":"842076443235581982"}
2021-09-20 09:57:56.388  INFO 9416 --- [XNIO-1 task-4] l.server.player.AudioLoaderRestHandler   : Got request to load for identifier "ytsearch:hoàng hôn datmaniac"
2021-09-20 09:57:56.926  INFO 9416 --- [lava-daemon-pool-info-loader-2-thread-1] lavalink.server.player.AudioLoader       : Loaded playlist Search results for: hoàng hôn datmaniac
2021-09-20 09:57:57.028  INFO 9416 --- [XNIO-1 I/O-1] lavalink.server.io.SocketServer          : {"op":"volume","guildId":"842076443235581982","volume":50}
2021-09-20 09:57:57.037  INFO 9416 --- [XNIO-1 I/O-1] lavalink.server.io.SocketServer          : {"op":"volume","guildId":"842076443235581982","volume":100}
2021-09-20 09:57:57.039  INFO 9416 --- [XNIO-1 I/O-1] lavalink.server.io.SocketServer          : {"op":"play","guildId":"842076443235581982","track":"QAAAewIAF0hvw6BuZyBIw7RuIC0gRGF0TWFuaWFjAApHRmFtaWx5MDgzAAAAAAACUcAACy1jMDJFT3MtRWpJAAEAK2h0dHBzOi8vd3d3LnlvdXR1YmUuY29tL3dhdGNoP3Y9LWMwMkVPcy1FakkAB3lvdXR1YmUAAAAAAAAAAA=="}
2021-09-20 09:57:57.487  INFO 9416 --- [XNIO-1 I/O-1] lavalink.server.io.SocketServer          : {"sessionId":"33003e4f3af82a54aa3f1eb06690b885","op":"voiceUpdate","guildId":"842076443235581982","event":{"token":"adf41dbc361317ec","guild_id":"842076443235581982","endpoint":"hongkong3023.discord.media:443"}}
2021-09-20 09:58:07.118  INFO 9416 --- [XNIO-1 task-6] l.server.player.AudioLoaderRestHandler   : Got request to load for identifier "ytsearch:nh?c trý?ng datmaiac"
2021-09-20 09:58:07.944  INFO 9416 --- [lava-daemon-pool-info-loader-2-thread-1] lavalink.server.player.AudioLoader       : Loaded playlist Search results for: nh?c trý?ng datmaiac
2021-09-20 09:58:15.648  INFO 9416 --- [XNIO-1 task-8] l.server.player.AudioLoaderRestHandler   : Got request to load for identifier "ytsearch:cõ ch? suy ð?i"
2021-09-20 09:58:16.156  INFO 9416 --- [lava-daemon-pool-info-loader-2-thread-1] lavalink.server.player.AudioLoader       : Loaded playlist Search results for: cõ ch? suy ð?i
2021-09-20 09:58:22.249  INFO 9416 --- [XNIO-1 task-10] l.server.player.AudioLoaderRestHandler   : Got request to load for identifier "ytsearch:nhôm datmaniac"
2021-09-20 09:58:22.892  INFO 9416 --- [lava-daemon-pool-info-loader-2-thread-1] lavalink.server.player.AudioLoader       : Loaded playlist Search results for: nhôm datmaniac
2021-09-20 09:58:28.182  INFO 9416 --- [XNIO-1 task-12] l.server.player.AudioLoaderRestHandler   : Got request to load for identifier "ytsearch:gam màu ð?c l?p"
2021-09-20 09:58:28.674  INFO 9416 --- [lava-daemon-pool-info-loader-2-thread-1] lavalink.server.player.AudioLoader       : Loaded playlist Search results for: gam màu ð?c l?p
2021-09-20 09:58:32.659  INFO 9416 --- [XNIO-1 task-14] l.server.player.AudioLoaderRestHandler   : Got request to load for identifier "ytsearch:nh?c trý?ng datmaniac"
2021-09-20 09:58:33.736  INFO 9416 --- [lava-daemon-pool-info-loader-2-thread-1] lavalink.server.player.AudioLoader       : Loaded playlist Search results for: nh?c trý?ng datmaniac
2021-09-20 09:58:36.530  INFO 9416 --- [XNIO-1 task-16] l.server.player.AudioLoaderRestHandler   : Got request to load for identifier "ytsearch:ð?i thý?ng 3"
2021-09-20 09:58:37.087  INFO 9416 --- [lava-daemon-pool-info-loader-2-thread-1] lavalink.server.player.AudioLoader       : Loaded playlist Search results for: ð?i thý?ng 3
2021-09-20 09:58:44.236  INFO 9416 --- [XNIO-1 task-18] l.server.player.AudioLoaderRestHandler   : Got request to load for identifier "ytsearch:thay da datmaniac"
2021-09-20 09:58:44.811  INFO 9416 --- [lava-daemon-pool-info-loader-2-thread-1] lavalink.server.player.AudioLoader       : Loaded playlist Search results for: thay da datmaniac
2021-09-20 09:59:02.878  INFO 9416 --- [XNIO-1 task-20] l.server.player.AudioLoaderRestHandler   : Got request to load for identifier "ytsearch:ng?t ngýng datmaniac"
2021-09-20 09:59:03.345  INFO 9416 --- [lava-daemon-pool-info-loader-2-thread-1] lavalink.server.player.AudioLoader       : Loaded playlist Search results for: ng?t ngýng datmaniac
2021-09-20 10:00:30.795  INFO 9416 --- [XNIO-1 I/O-1] lavalink.server.io.SocketServer          : {"op":"play","guildId":"842076443235581982","track":"QAAAgAIAHE5o4bqhYyB0csaw4bufbmcgLSBEYXRNYW5pYWMACkdGYW1pbHkwODMAAAAAAAPr6AALbEFfNk9oUEZGcFUAAQAraHR0cHM6Ly93d3cueW91dHViZS5jb20vd2F0Y2g/dj1sQV82T2hQRkZwVQAHeW91dHViZQAAAAAAAAAA"}
2021-09-20 10:04:47.914  INFO 9416 --- [XNIO-1 I/O-1] lavalink.server.io.SocketServer          : {"op":"play","guildId":"842076443235581982","track":"QAAAhQIAIUPGoSBjaOG6vyBzdXkgxJHhu5NpIC0gRGF0IE1hbmlhYwAKR0ZhbWlseTA4MwAAAAAAAwlYAAttWld1TEI0ZmJqcwABACtodHRwczovL3d3dy55b3V0dWJlLmNvbS93YXRjaD92PW1aV3VMQjRmYmpzAAd5b3V0dWJlAAAAAAAAAAA="}
2021-09-20 10:08:07.654  INFO 9416 --- [XNIO-1 I/O-1] lavalink.server.io.SocketServer          : {"op":"play","guildId":"842076443235581982","track":"QAAAfQIAD05Iw5RNLURhdE1hbmlhYwAUS2nhu4F1IFbEg24gQ2jGsMahbmcAAAAAAAUsOAALR0licGtqY0daY1UAAQAraHR0cHM6Ly93d3cueW91dHViZS5jb20vd2F0Y2g/dj1HSWJwa2pjR1pjVQAHeW91dHViZQAAAAAAAAAA"}
